<?xml version="1.0" encoding="UTF-8"?>
<testng-results skipped="0" failed="0" ignored="0" total="1" passed="1">
  <reporter-output>
  </reporter-output>
  <suite name="Default suite" duration-ms="8101" started-at="2019-12-31T16:31:27 GMT" finished-at="2019-12-31T16:31:35 GMT">
    <groups>
    </groups>
    <test name="Default test" duration-ms="8101" started-at="2019-12-31T16:31:27 GMT" finished-at="2019-12-31T16:31:35 GMT">
      <class name="com.HomeStoreandMore.test.LoginTest">
        <test-method status="PASS" signature="setup()[pri:0, instance:com.HomeStoreandMore.test.LoginTest@1bd4fdd]" name="setup" is-config="true" duration-ms="6062" started-at="2019-12-31T16:31:27 GMT" finished-at="2019-12-31T16:31:33 GMT">
          <reporter-output>
          </reporter-output>
        </test-method> <!-- setup -->
        <test-method status="PASS" signature="loginToStoreTest()[pri:0, instance:com.HomeStoreandMore.test.LoginTest@1bd4fdd]" name="loginToStoreTest" duration-ms="1940" started-at="2019-12-31T16:31:33 GMT" finished-at="2019-12-31T16:31:35 GMT">
          <reporter-output>
          </reporter-output>
        </test-method> <!-- loginToStoreTest -->
      </class> <!-- com.HomeStoreandMore.test.LoginTest -->
    </test> <!-- Default test -->
  </suite> <!-- Default suite -->
</testng-results>
